2023-10-13 23:32:17,924 INFO i.g.b.w.WebDriverManager [Test worker] Using chromedriver 117.0.5938.149 (resolved driver for Chrome 117)
2023-10-13 23:32:17,959 INFO i.g.b.w.WebDriverManager [Test worker] Exporting webdriver.chrome.driver as C:\Users\andre\.cache\selenium\chromedriver\win64\117.0.5938.149\chromedriver.exe
2023-10-13 23:33:08,762 INFO r.o.OtusSiteTests [Test worker] COOKIES:[_ym_uid=1697229165260262236; expires=сб, 12 окт. 2024 11:32:45 MSK; path=/; domain=.otus.ru;secure;; sameSite=None, advcake_track_id=03e3d4b7-7771-ee0d-7f8e-add2554d1901; expires=вс, 12 нояб. 2023 11:32:56 MSK; path=/; domain=.otus.ru;secure;; sameSite=None, _ym_isad=2; expires=сб, 14 окт. 2023 07:32:45 MSK; path=/; domain=.otus.ru;secure;; sameSite=None, _ga=GA1.1.1594631331.1697229174; expires=сб, 16 нояб. 2024 11:32:54 MSK; path=/; domain=.otus.ru; sameSite=Lax, _ga_N2GWLW9R5Z=GS1.1.1697229174.1.0.1697229174.60.0.0; expires=сб, 16 нояб. 2024 11:32:54 MSK; path=/; domain=.otus.ru; sameSite=Lax, oid=cb7c3a7d0ff5f655c948f1242acf2cf0; expires=сб, 16 нояб. 2024 11:33:08 MSK; path=/; domain=.otus.ru; sameSite=Lax, _ym_d=1697229165; expires=сб, 12 окт. 2024 11:32:45 MSK; path=/; domain=.otus.ru;secure;; sameSite=None, _ttp=jBaZZZj9qpBDqixzQMslZLkLZpk; expires=ср, 06 нояб. 2024 11:32:58 MSK; path=/; domain=.otus.ru; sameSite=Lax, _tt_enable_cookie=1; expires=ср, 06 нояб. 2024 11:32:58 MSK; path=/; domain=.otus.ru; sameSite=Lax, _ym_visorc=w; expires=сб, 14 окт. 2023 12:03:01 MSK; path=/; domain=.otus.ru;secure;; sameSite=None, advcake_session_id=ab63cc13-47ad-cad5-4429-f07f53070ed6; expires=вс, 12 нояб. 2023 11:32:56 MSK; path=/; domain=.otus.ru;secure;; sameSite=None, utm=utm_source%3Dtypein%26utm_medium%3Ddirect; expires=сб, 16 нояб. 2024 11:33:08 MSK; path=/; domain=.otus.ru; sameSite=Lax]
2023-10-14 00:17:26,539 INFO i.g.b.w.WebDriverManager [Test worker] Using chromedriver 117.0.5938.149 (resolved driver for Chrome 117)
2023-10-14 00:17:26,589 INFO i.g.b.w.WebDriverManager [Test worker] Exporting webdriver.chrome.driver as C:\Users\andre\.cache\selenium\chromedriver\win64\117.0.5938.149\chromedriver.exe
2023-10-14 00:18:27,097 INFO r.o.OtusMaximaizeBrowserTests [Test worker] COOKIES:[_ym_uid=1697231876815840949; expires=вс, 13 окт. 2024 12:17:56 MSK; path=/; domain=.otus.ru;secure;; sameSite=None, advcake_track_id=6942396c-0c87-d24f-72de-3ebbdc4bbe2a; expires=пн, 13 нояб. 2023 12:18:01 MSK; path=/; domain=.otus.ru;secure;; sameSite=None, _ym_isad=2; expires=сб, 14 окт. 2023 08:17:56 MSK; path=/; domain=.otus.ru;secure;; sameSite=None, _ga=GA1.1.1154716279.1697231880; expires=вс, 17 нояб. 2024 12:18:00 MSK; path=/; domain=.otus.ru; sameSite=Lax, _ga_N2GWLW9R5Z=GS1.1.1697231880.1.1.1697231891.49.0.0; expires=вс, 17 нояб. 2024 12:18:11 MSK; path=/; domain=.otus.ru; sameSite=Lax, oid=0b522dcefa5a158d63ae68361b9e012f; expires=вс, 17 нояб. 2024 12:18:07 MSK; path=/; domain=.otus.ru; sameSite=Lax, _ym_d=1697231876; expires=вс, 13 окт. 2024 12:17:56 MSK; path=/; domain=.otus.ru;secure;; sameSite=None, _ttp=k9TZCBGndbBiBzqR_zYgCUAD2Xw; expires=чт, 07 нояб. 2024 12:18:12 MSK; path=/; domain=.otus.ru; sameSite=Lax, _tt_enable_cookie=1; expires=чт, 07 нояб. 2024 12:18:12 MSK; path=/; domain=.otus.ru; sameSite=Lax, _ym_visorc=w; expires=сб, 14 окт. 2023 12:48:00 MSK; path=/; domain=.otus.ru;secure;; sameSite=None, advcake_session_id=d5ac4f1c-c541-2e7c-093b-b094d4a87f5e; expires=пн, 13 нояб. 2023 12:18:01 MSK; path=/; domain=.otus.ru;secure;; sameSite=None, utm=utm_source%3Dtypein%26utm_medium%3Ddirect; expires=вс, 17 нояб. 2024 12:18:07 MSK; path=/; domain=.otus.ru; sameSite=Lax]
2023-10-14 00:19:08,932 INFO i.g.b.w.WebDriverManager [Test worker] Using chromedriver 117.0.5938.149 (resolved driver for Chrome 117)
2023-10-14 00:19:08,968 INFO i.g.b.w.WebDriverManager [Test worker] Exporting webdriver.chrome.driver as C:\Users\andre\.cache\selenium\chromedriver\win64\117.0.5938.149\chromedriver.exe
2023-10-14 00:19:29,701 INFO i.g.b.w.WebDriverManager [Test worker] Using chromedriver 117.0.5938.149 (resolved driver for Chrome 117)
2023-10-14 00:19:29,740 INFO i.g.b.w.WebDriverManager [Test worker] Exporting webdriver.chrome.driver as C:\Users\andre\.cache\selenium\chromedriver\win64\117.0.5938.149\chromedriver.exe
2023-10-14 00:23:19,271 INFO i.g.b.w.WebDriverManager [Test worker] Using chromedriver 117.0.5938.149 (resolved driver for Chrome 117)
2023-10-14 00:23:19,330 INFO i.g.b.w.WebDriverManager [Test worker] Exporting webdriver.chrome.driver as C:\Users\andre\.cache\selenium\chromedriver\win64\117.0.5938.149\chromedriver.exe
2023-10-14 00:23:45,871 WARN o.a.n.h.WebSocketHandler [AsyncHttpClient-1-4] onError
java.net.SocketException: Connection reset
	at sun.nio.ch.SocketChannelImpl.throwConnectionReset(SocketChannelImpl.java:401) ~[?:?]
	at sun.nio.ch.SocketChannelImpl.read(SocketChannelImpl.java:434) ~[?:?]
	at io.netty.buffer.PooledByteBuf.setBytes(PooledByteBuf.java:254) ~[netty-buffer-4.1.96.Final.jar:4.1.96.Final]
	at io.netty.buffer.AbstractByteBuf.writeBytes(AbstractByteBuf.java:1132) ~[netty-buffer-4.1.96.Final.jar:4.1.96.Final]
	at io.netty.channel.socket.nio.NioSocketChannel.doReadBytes(NioSocketChannel.java:357) ~[netty-transport-4.1.96.Final.jar:4.1.96.Final]
	at io.netty.channel.nio.AbstractNioByteChannel$NioByteUnsafe.read(AbstractNioByteChannel.java:151) [netty-transport-4.1.96.Final.jar:4.1.96.Final]
	at io.netty.channel.nio.NioEventLoop.processSelectedKey(NioEventLoop.java:788) [netty-transport-4.1.96.Final.jar:4.1.96.Final]
	at io.netty.channel.nio.NioEventLoop.processSelectedKeysOptimized(NioEventLoop.java:724) [netty-transport-4.1.96.Final.jar:4.1.96.Final]
	at io.netty.channel.nio.NioEventLoop.processSelectedKeys(NioEventLoop.java:650) [netty-transport-4.1.96.Final.jar:4.1.96.Final]
	at io.netty.channel.nio.NioEventLoop.run(NioEventLoop.java:562) [netty-transport-4.1.96.Final.jar:4.1.96.Final]
	at io.netty.util.concurrent.SingleThreadEventExecutor$4.run(SingleThreadEventExecutor.java:997) [netty-common-4.1.96.Final.jar:4.1.96.Final]
	at io.netty.util.internal.ThreadExecutorMap$2.run(ThreadExecutorMap.java:74) [netty-common-4.1.96.Final.jar:4.1.96.Final]
	at io.netty.util.concurrent.FastThreadLocalRunnable.run(FastThreadLocalRunnable.java:30) [netty-common-4.1.96.Final.jar:4.1.96.Final]
	at java.lang.Thread.run(Thread.java:1589) [?:?]
2023-10-14 00:24:09,583 INFO i.g.b.w.WebDriverManager [Test worker] Using chromedriver 117.0.5938.149 (resolved driver for Chrome 117)
2023-10-14 00:24:09,624 INFO i.g.b.w.WebDriverManager [Test worker] Exporting webdriver.chrome.driver as C:\Users\andre\.cache\selenium\chromedriver\win64\117.0.5938.149\chromedriver.exe
2023-10-14 00:39:20,522 INFO i.g.b.w.WebDriverManager [Test worker] Using chromedriver 117.0.5938.149 (resolved driver for Chrome 117)
2023-10-14 00:39:20,613 INFO i.g.b.w.WebDriverManager [Test worker] Exporting webdriver.chrome.driver as C:\Users\andre\.cache\selenium\chromedriver\win64\117.0.5938.149\chromedriver.exe
2023-10-14 00:41:12,010 INFO i.g.b.w.WebDriverManager [Test worker] Using chromedriver 117.0.5938.149 (resolved driver for Chrome 117)
2023-10-14 00:41:12,058 INFO i.g.b.w.WebDriverManager [Test worker] Exporting webdriver.chrome.driver as C:\Users\andre\.cache\selenium\chromedriver\win64\117.0.5938.149\chromedriver.exe
2023-10-14 00:42:00,400 INFO r.o.OtusMaximaizeBrowserTests [Test worker] COOKIES:[_ym_uid=1697233289432019425; expires=вс, 13 окт. 2024 12:41:29 MSK; path=/; domain=.otus.ru;secure;; sameSite=None, advcake_track_id=1e7ede91-a8b2-b684-4501-629fe4eb595a; expires=пн, 13 нояб. 2023 12:41:43 MSK; path=/; domain=.otus.ru;secure;; sameSite=None, _ym_isad=2; expires=сб, 14 окт. 2023 08:41:29 MSK; path=/; domain=.otus.ru;secure;; sameSite=None, _ga=GA1.1.786523437.1697233301; expires=вс, 17 нояб. 2024 12:41:40 MSK; path=/; domain=.otus.ru; sameSite=Lax, _ga_N2GWLW9R5Z=GS1.1.1697233300.1.0.1697233300.60.0.0; expires=вс, 17 нояб. 2024 12:41:40 MSK; path=/; domain=.otus.ru; sameSite=Lax, oid=75d778afa1fe6b0fad271c31116a7852; expires=вс, 17 нояб. 2024 12:41:44 MSK; path=/; domain=.otus.ru; sameSite=Lax, _ym_d=1697233289; expires=вс, 13 окт. 2024 12:41:29 MSK; path=/; domain=.otus.ru;secure;; sameSite=None, _ttp=UFv7srccvLxvA7YHuaPuNnf42k-; expires=чт, 07 нояб. 2024 12:41:47 MSK; path=/; domain=.otus.ru; sameSite=Lax, _tt_enable_cookie=1; expires=чт, 07 нояб. 2024 12:41:46 MSK; path=/; domain=.otus.ru; sameSite=Lax, _ym_visorc=w; expires=сб, 14 окт. 2023 01:11:41 MSK; path=/; domain=.otus.ru;secure;; sameSite=None, advcake_session_id=b17f5dca-f570-0c1d-db0d-160616172d1b; expires=пн, 13 нояб. 2023 12:41:43 MSK; path=/; domain=.otus.ru;secure;; sameSite=None, utm=utm_source%3Dtypein%26utm_medium%3Ddirect; expires=вс, 17 нояб. 2024 12:41:44 MSK; path=/; domain=.otus.ru; sameSite=Lax]
2023-10-14 00:42:24,010 INFO i.g.b.w.WebDriverManager [Test worker] Using chromedriver 117.0.5938.149 (resolved driver for Chrome 117)
2023-10-14 00:42:24,051 INFO i.g.b.w.WebDriverManager [Test worker] Exporting webdriver.chrome.driver as C:\Users\andre\.cache\selenium\chromedriver\win64\117.0.5938.149\chromedriver.exe
2023-10-14 00:43:30,990 INFO r.o.OtusMaximaizeBrowserTests [Test worker] COOKIES:[_ym_uid=1697233359845314971; expires=вс, 13 окт. 2024 12:42:39 MSK; path=/; domain=.otus.ru;secure;; sameSite=None, advcake_track_id=d9075baa-9790-8552-d5ce-234348bec155; expires=пн, 13 нояб. 2023 12:42:51 MSK; path=/; domain=.otus.ru;secure;; sameSite=None, _ym_isad=2; expires=сб, 14 окт. 2023 08:42:39 MSK; path=/; domain=.otus.ru;secure;; sameSite=None, _ga=GA1.1.1000689387.1697233369; expires=вс, 17 нояб. 2024 12:42:48 MSK; path=/; domain=.otus.ru; sameSite=Lax, _ga_N2GWLW9R5Z=GS1.1.1697233368.1.0.1697233368.60.0.0; expires=вс, 17 нояб. 2024 12:42:48 MSK; path=/; domain=.otus.ru; sameSite=Lax, oid=2cd2ccc35a4e633b019f99c4059f8407; expires=вс, 17 нояб. 2024 12:43:19 MSK; path=/; domain=.otus.ru; sameSite=Lax, _ym_d=1697233359; expires=вс, 13 окт. 2024 12:42:39 MSK; path=/; domain=.otus.ru;secure;; sameSite=None, _ttp=m0oVwFj9y9KaIilTUG4242xR1jF; expires=чт, 07 нояб. 2024 12:43:01 MSK; path=/; domain=.otus.ru; sameSite=Lax, _tt_enable_cookie=1; expires=чт, 07 нояб. 2024 12:43:01 MSK; path=/; domain=.otus.ru; sameSite=Lax, _ym_visorc=w; expires=сб, 14 окт. 2023 01:12:52 MSK; path=/; domain=.otus.ru;secure;; sameSite=None, advcake_session_id=e682da50-199a-578e-5a2d-aaf4ce624c6e; expires=пн, 13 нояб. 2023 12:42:51 MSK; path=/; domain=.otus.ru;secure;; sameSite=None, utm=utm_source%3Dtypein%26utm_medium%3Ddirect; expires=вс, 17 нояб. 2024 12:43:19 MSK; path=/; domain=.otus.ru; sameSite=Lax]
2023-10-14 00:56:06,495 INFO i.g.b.w.WebDriverManager [Test worker] Using chromedriver 117.0.5938.149 (resolved driver for Chrome 117)
2023-10-14 00:56:06,569 INFO i.g.b.w.WebDriverManager [Test worker] Exporting webdriver.chrome.driver as C:\Users\andre\.cache\selenium\chromedriver\win64\117.0.5938.149\chromedriver.exe
2023-10-14 00:56:18,455 INFO r.o.OtusMaximaizeBrowserTests [Test worker] COOKIES:[auth_token_expires=1791842177; expires=вс, 17 нояб. 2024 12:56:18 MSK; path=/; domain=.otus.ru; sameSite=Lax, advcake_track_id=7a965079-53a5-1f38-bbf7-01daae32eeb2; expires=пн, 13 нояб. 2023 12:56:12 MSK; path=/; domain=.otus.ru;secure;; sameSite=None, oid=873f9abe17eec6c877ccf38fa72141b0; expires=вс, 17 нояб. 2024 12:56:18 MSK; path=/; domain=.otus.ru; sameSite=Lax, sessionid=12w99cdn3sccfvfeclcybyrmzw8cg742; expires=пт, 12 янв. 2024 12:56:17 MSK; path=/; domain=otus.ru;secure;; sameSite=Lax, _ym_d=1697234172; expires=вс, 13 окт. 2024 12:56:12 MSK; path=/; domain=.otus.ru;secure;; sameSite=None, _tt_enable_cookie=1; expires=чт, 07 нояб. 2024 12:56:15 MSK; path=/; domain=.otus.ru; sameSite=Lax, _ym_visorc=w; expires=сб, 14 окт. 2023 01:26:14 MSK; path=/; domain=.otus.ru;secure;; sameSite=None, utm=utm_source%3Dtypein%26utm_medium%3Ddirect; expires=вс, 17 нояб. 2024 12:56:18 MSK; path=/; domain=.otus.ru; sameSite=Lax, _ym_uid=1697234172578140319; expires=вс, 13 окт. 2024 12:56:12 MSK; path=/; domain=.otus.ru;secure;; sameSite=None, _ym_isad=2; expires=сб, 14 окт. 2023 08:56:12 MSK; path=/; domain=.otus.ru;secure;; sameSite=None, _ga=GA1.1.1452450018.1697234173; expires=вс, 17 нояб. 2024 12:56:12 MSK; path=/; domain=.otus.ru; sameSite=Lax, _ga_N2GWLW9R5Z=GS1.1.1697234172.1.0.1697234172.60.0.0; expires=вс, 17 нояб. 2024 12:56:12 MSK; path=/; domain=.otus.ru; sameSite=Lax, auth_token=irq8gjIDT74QkX7_jBwRXQ; expires=вс, 17 нояб. 2024 12:56:18 MSK; path=/; domain=.otus.ru; sameSite=Lax, _ttp=NzCUw_OKdteKr5sdi8zsQhSS9R_; expires=чт, 07 нояб. 2024 12:56:15 MSK; path=/; domain=.otus.ru; sameSite=Lax, advcake_session_id=3d812bd2-7cd9-d1d8-88ec-b14c4854bb0a; expires=пн, 13 нояб. 2023 12:56:12 MSK; path=/; domain=.otus.ru;secure;; sameSite=None]
2023-10-14 00:56:45,865 INFO i.g.b.w.WebDriverManager [Test worker] Using chromedriver 117.0.5938.149 (resolved driver for Chrome 117)
2023-10-14 00:56:45,900 INFO i.g.b.w.WebDriverManager [Test worker] Exporting webdriver.chrome.driver as C:\Users\andre\.cache\selenium\chromedriver\win64\117.0.5938.149\chromedriver.exe
2023-10-14 01:03:46,828 INFO i.g.b.w.WebDriverManager [Test worker] Using chromedriver 117.0.5938.149 (resolved driver for Chrome 117)
2023-10-14 01:03:46,877 INFO i.g.b.w.WebDriverManager [Test worker] Exporting webdriver.chrome.driver as C:\Users\andre\.cache\selenium\chromedriver\win64\117.0.5938.149\chromedriver.exe
2023-10-14 01:03:56,754 WARN o.a.n.h.WebSocketHandler [AsyncHttpClient-1-4] onError
java.net.SocketException: Connection reset
	at sun.nio.ch.SocketChannelImpl.throwConnectionReset(SocketChannelImpl.java:401) ~[?:?]
	at sun.nio.ch.SocketChannelImpl.read(SocketChannelImpl.java:434) ~[?:?]
	at io.netty.buffer.PooledByteBuf.setBytes(PooledByteBuf.java:254) ~[netty-buffer-4.1.96.Final.jar:4.1.96.Final]
	at io.netty.buffer.AbstractByteBuf.writeBytes(AbstractByteBuf.java:1132) ~[netty-buffer-4.1.96.Final.jar:4.1.96.Final]
	at io.netty.channel.socket.nio.NioSocketChannel.doReadBytes(NioSocketChannel.java:357) ~[netty-transport-4.1.96.Final.jar:4.1.96.Final]
	at io.netty.channel.nio.AbstractNioByteChannel$NioByteUnsafe.read(AbstractNioByteChannel.java:151) [netty-transport-4.1.96.Final.jar:4.1.96.Final]
	at io.netty.channel.nio.NioEventLoop.processSelectedKey(NioEventLoop.java:788) [netty-transport-4.1.96.Final.jar:4.1.96.Final]
	at io.netty.channel.nio.NioEventLoop.processSelectedKeysOptimized(NioEventLoop.java:724) [netty-transport-4.1.96.Final.jar:4.1.96.Final]
	at io.netty.channel.nio.NioEventLoop.processSelectedKeys(NioEventLoop.java:650) [netty-transport-4.1.96.Final.jar:4.1.96.Final]
	at io.netty.channel.nio.NioEventLoop.run(NioEventLoop.java:562) [netty-transport-4.1.96.Final.jar:4.1.96.Final]
	at io.netty.util.concurrent.SingleThreadEventExecutor$4.run(SingleThreadEventExecutor.java:997) [netty-common-4.1.96.Final.jar:4.1.96.Final]
	at io.netty.util.internal.ThreadExecutorMap$2.run(ThreadExecutorMap.java:74) [netty-common-4.1.96.Final.jar:4.1.96.Final]
	at io.netty.util.concurrent.FastThreadLocalRunnable.run(FastThreadLocalRunnable.java:30) [netty-common-4.1.96.Final.jar:4.1.96.Final]
	at java.lang.Thread.run(Thread.java:1589) [?:?]
2023-10-14 01:04:07,186 INFO i.g.b.w.WebDriverManager [Test worker] Using chromedriver 117.0.5938.149 (resolved driver for Chrome 117)
2023-10-14 01:04:07,234 INFO i.g.b.w.WebDriverManager [Test worker] Exporting webdriver.chrome.driver as C:\Users\andre\.cache\selenium\chromedriver\win64\117.0.5938.149\chromedriver.exe
2023-10-14 01:04:17,257 INFO r.o.OtusMaximaizeBrowserTests [Test worker] COOKIES:[auth_token_expires=1791842656; expires=вс, 17 нояб. 2024 01:04:16 MSK; path=/; domain=.otus.ru; sameSite=Lax, advcake_track_id=3187f875-5181-c332-2729-ab11993442f1; expires=пн, 13 нояб. 2023 01:04:14 MSK; path=/; domain=.otus.ru;secure;; sameSite=None, oid=873f9abe17eec6c877ccf38fa72141b0; expires=вс, 17 нояб. 2024 01:04:16 MSK; path=/; domain=.otus.ru; sameSite=Lax, sessionid=eri0hqn2pfizr6p4pcgfaajnv5sceygk; expires=пт, 12 янв. 2024 01:04:16 MSK; path=/; domain=otus.ru;secure;; sameSite=Lax, _ym_d=1697234653; expires=вс, 13 окт. 2024 01:04:12 MSK; path=/; domain=.otus.ru;secure;; sameSite=None, _tt_enable_cookie=1; expires=чт, 07 нояб. 2024 01:04:15 MSK; path=/; domain=.otus.ru; sameSite=Lax, _ym_visorc=w; expires=сб, 14 окт. 2023 01:34:15 MSK; path=/; domain=.otus.ru;secure;; sameSite=None, utm=utm_source%3Dtypein%26utm_medium%3Ddirect; expires=вс, 17 нояб. 2024 01:04:16 MSK; path=/; domain=.otus.ru; sameSite=Lax, _ym_uid=1697234653455133117; expires=вс, 13 окт. 2024 01:04:12 MSK; path=/; domain=.otus.ru;secure;; sameSite=None, _ym_isad=2; expires=сб, 14 окт. 2023 09:04:12 MSK; path=/; domain=.otus.ru;secure;; sameSite=None, _ga=GA1.1.944087097.1697234655; expires=вс, 17 нояб. 2024 01:04:14 MSK; path=/; domain=.otus.ru; sameSite=Lax, _ga_N2GWLW9R5Z=GS1.1.1697234654.1.0.1697234654.60.0.0; expires=вс, 17 нояб. 2024 01:04:14 MSK; path=/; domain=.otus.ru; sameSite=Lax, auth_token=PP5V57w1nbkzbBp8YmFo2Q; expires=вс, 17 нояб. 2024 01:04:16 MSK; path=/; domain=.otus.ru; sameSite=Lax, _ttp=b5G6gqUXJrjUheb2y-0yNtRRO4P; expires=чт, 07 нояб. 2024 01:04:15 MSK; path=/; domain=.otus.ru; sameSite=Lax, advcake_session_id=997452ba-8fbe-9916-7ece-994082190d04; expires=пн, 13 нояб. 2023 01:04:14 MSK; path=/; domain=.otus.ru;secure;; sameSite=None]
2023-10-14 01:08:54,278 INFO i.g.b.w.WebDriverManager [Test worker] Using chromedriver 117.0.5938.149 (resolved driver for Chrome 117)
2023-10-14 01:08:54,315 INFO i.g.b.w.WebDriverManager [Test worker] Exporting webdriver.chrome.driver as C:\Users\andre\.cache\selenium\chromedriver\win64\117.0.5938.149\chromedriver.exe
2023-10-14 01:09:06,167 WARN o.a.n.h.WebSocketHandler [AsyncHttpClient-1-4] onError
java.net.SocketException: Connection reset
	at sun.nio.ch.SocketChannelImpl.throwConnectionReset(SocketChannelImpl.java:401) ~[?:?]
	at sun.nio.ch.SocketChannelImpl.read(SocketChannelImpl.java:434) ~[?:?]
	at io.netty.buffer.PooledByteBuf.setBytes(PooledByteBuf.java:254) ~[netty-buffer-4.1.96.Final.jar:4.1.96.Final]
	at io.netty.buffer.AbstractByteBuf.writeBytes(AbstractByteBuf.java:1132) ~[netty-buffer-4.1.96.Final.jar:4.1.96.Final]
	at io.netty.channel.socket.nio.NioSocketChannel.doReadBytes(NioSocketChannel.java:357) ~[netty-transport-4.1.96.Final.jar:4.1.96.Final]
	at io.netty.channel.nio.AbstractNioByteChannel$NioByteUnsafe.read(AbstractNioByteChannel.java:151) [netty-transport-4.1.96.Final.jar:4.1.96.Final]
	at io.netty.channel.nio.NioEventLoop.processSelectedKey(NioEventLoop.java:788) [netty-transport-4.1.96.Final.jar:4.1.96.Final]
	at io.netty.channel.nio.NioEventLoop.processSelectedKeysOptimized(NioEventLoop.java:724) [netty-transport-4.1.96.Final.jar:4.1.96.Final]
	at io.netty.channel.nio.NioEventLoop.processSelectedKeys(NioEventLoop.java:650) [netty-transport-4.1.96.Final.jar:4.1.96.Final]
	at io.netty.channel.nio.NioEventLoop.run(NioEventLoop.java:562) [netty-transport-4.1.96.Final.jar:4.1.96.Final]
	at io.netty.util.concurrent.SingleThreadEventExecutor$4.run(SingleThreadEventExecutor.java:997) [netty-common-4.1.96.Final.jar:4.1.96.Final]
	at io.netty.util.internal.ThreadExecutorMap$2.run(ThreadExecutorMap.java:74) [netty-common-4.1.96.Final.jar:4.1.96.Final]
	at io.netty.util.concurrent.FastThreadLocalRunnable.run(FastThreadLocalRunnable.java:30) [netty-common-4.1.96.Final.jar:4.1.96.Final]
	at java.lang.Thread.run(Thread.java:1589) [?:?]
2023-10-14 01:09:06,492 INFO i.g.b.w.WebDriverManager [Test worker] Using chromedriver 117.0.5938.149 (resolved driver for Chrome 117)
2023-10-14 01:09:06,530 INFO i.g.b.w.WebDriverManager [Test worker] Exporting webdriver.chrome.driver as C:\Users\andre\.cache\selenium\chromedriver\win64\117.0.5938.149\chromedriver.exe
2023-10-14 01:09:23,433 INFO i.g.b.w.WebDriverManager [Test worker] Using chromedriver 117.0.5938.149 (resolved driver for Chrome 117)
2023-10-14 01:09:23,475 INFO i.g.b.w.WebDriverManager [Test worker] Exporting webdriver.chrome.driver as C:\Users\andre\.cache\selenium\chromedriver\win64\117.0.5938.149\chromedriver.exe
2023-10-14 01:12:51,116 INFO i.g.b.w.WebDriverManager [Test worker] Using chromedriver 117.0.5938.149 (resolved driver for Chrome 117)
2023-10-14 01:12:51,148 INFO i.g.b.w.WebDriverManager [Test worker] Exporting webdriver.chrome.driver as C:\Users\andre\.cache\selenium\chromedriver\win64\117.0.5938.149\chromedriver.exe
2023-10-14 01:12:58,269 INFO i.g.b.w.WebDriverManager [Test worker] Using chromedriver 117.0.5938.149 (resolved driver for Chrome 117)
2023-10-14 01:12:58,292 INFO i.g.b.w.WebDriverManager [Test worker] Exporting webdriver.chrome.driver as C:\Users\andre\.cache\selenium\chromedriver\win64\117.0.5938.149\chromedriver.exe
2023-10-14 01:13:14,857 INFO i.g.b.w.WebDriverManager [Test worker] Using chromedriver 117.0.5938.149 (resolved driver for Chrome 117)
2023-10-14 01:13:14,899 INFO i.g.b.w.WebDriverManager [Test worker] Exporting webdriver.chrome.driver as C:\Users\andre\.cache\selenium\chromedriver\win64\117.0.5938.149\chromedriver.exe
2023-10-14 01:13:23,813 INFO r.o.MaximaizeBrowserTests [Test worker] COOKIES:[auth_token_expires=1791843203; expires=РІСЃ, 17 РЅРѕСЏР±. 2024 01:13:23 MSK; path=/; domain=.otus.ru; sameSite=Lax, advcake_track_id=bac48ee7-e995-9636-a55c-d6f333283287; expires=РїРЅ, 13 РЅРѕСЏР±. 2023 01:13:20 MSK; path=/; domain=.otus.ru;secure;; sameSite=None, oid=93900b4429dbfc5abf9b3744e6399d42; expires=РІСЃ, 17 РЅРѕСЏР±. 2024 01:13:23 MSK; path=/; domain=.otus.ru; sameSite=Lax, sessionid=fsurby2vksrugaev70ligdce0ecywtec; expires=РїС‚, 12 СЏРЅРІ. 2024 01:13:23 MSK; path=/; domain=otus.ru;secure;; sameSite=Lax, _ym_d=1697235199; expires=РІСЃ, 13 РѕРєС‚. 2024 01:13:18 MSK; path=/; domain=.otus.ru;secure;; sameSite=None, _tt_enable_cookie=1; expires=С‡С‚, 07 РЅРѕСЏР±. 2024 01:13:20 MSK; path=/; domain=.otus.ru; sameSite=Lax, _ym_visorc=w; expires=СЃР±, 14 РѕРєС‚. 2023 01:43:21 MSK; path=/; domain=.otus.ru;secure;; sameSite=None, utm=utm_source%3Dtypein%26utm_medium%3Ddirect; expires=РІСЃ, 17 РЅРѕСЏР±. 2024 01:13:23 MSK; path=/; domain=.otus.ru; sameSite=Lax, _ym_uid=1697235199995067308; expires=РІСЃ, 13 РѕРєС‚. 2024 01:13:18 MSK; path=/; domain=.otus.ru;secure;; sameSite=None, _ym_isad=2; expires=СЃР±, 14 РѕРєС‚. 2023 09:13:19 MSK; path=/; domain=.otus.ru;secure;; sameSite=None, _ga=GA1.1.156002662.1697235200; expires=РІСЃ, 17 РЅРѕСЏР±. 2024 01:13:20 MSK; path=/; domain=.otus.ru; sameSite=Lax, _ga_N2GWLW9R5Z=GS1.1.1697235200.1.0.1697235200.60.0.0; expires=РІСЃ, 17 РЅРѕСЏР±. 2024 01:13:20 MSK; path=/; domain=.otus.ru; sameSite=Lax, auth_token=S35F6yEDbJE65gYVPq3irg; expires=РІСЃ, 17 РЅРѕСЏР±. 2024 01:13:23 MSK; path=/; domain=.otus.ru; sameSite=Lax, _ttp=786b39pBU-ONemIrPTtM1kqwdWT; expires=С‡С‚, 07 РЅРѕСЏР±. 2024 01:13:20 MSK; path=/; domain=.otus.ru; sameSite=Lax, advcake_session_id=f613a855-e0be-e150-c5e6-001630ba54d9; expires=РїРЅ, 13 РЅРѕСЏР±. 2023 01:13:20 MSK; path=/; domain=.otus.ru;secure;; sameSite=None]
2023-10-14 01:19:17,843 INFO i.g.b.w.WebDriverManager [Test worker] Using chromedriver 117.0.5938.149 (resolved driver for Chrome 117)
2023-10-14 01:19:17,880 INFO i.g.b.w.WebDriverManager [Test worker] Exporting webdriver.chrome.driver as C:\Users\andre\.cache\selenium\chromedriver\win64\117.0.5938.149\chromedriver.exe
2023-10-14 01:19:27,249 INFO i.g.b.w.WebDriverManager [Test worker] Using chromedriver 117.0.5938.149 (resolved driver for Chrome 117)
2023-10-14 01:19:27,272 INFO i.g.b.w.WebDriverManager [Test worker] Exporting webdriver.chrome.driver as C:\Users\andre\.cache\selenium\chromedriver\win64\117.0.5938.149\chromedriver.exe
2023-10-14 01:19:43,644 INFO i.g.b.w.WebDriverManager [Test worker] Using chromedriver 117.0.5938.149 (resolved driver for Chrome 117)
2023-10-14 01:19:43,657 INFO i.g.b.w.WebDriverManager [Test worker] Exporting webdriver.chrome.driver as C:\Users\andre\.cache\selenium\chromedriver\win64\117.0.5938.149\chromedriver.exe
2023-10-14 01:19:51,676 INFO r.o.MaximaizeBrowserTests [Test worker] COOKIES:[auth_token_expires=1791843590; expires=РІСЃ, 17 РЅРѕСЏР±. 2024 01:19:51 MSK; path=/; domain=.otus.ru; sameSite=Lax, advcake_track_id=cc2599d7-2156-da8e-c41a-54b612a6720d; expires=РїРЅ, 13 РЅРѕСЏР±. 2023 01:19:48 MSK; path=/; domain=.otus.ru;secure;; sameSite=None, oid=93900b4429dbfc5abf9b3744e6399d42; expires=РІСЃ, 17 РЅРѕСЏР±. 2024 01:19:51 MSK; path=/; domain=.otus.ru; sameSite=Lax, sessionid=d87xu3x21lrrzydqnd5et4yytf2gtosn; expires=РїС‚, 12 СЏРЅРІ. 2024 01:19:51 MSK; path=/; domain=otus.ru;secure;; sameSite=Lax, _ym_d=1697235587; expires=РІСЃ, 13 РѕРєС‚. 2024 01:19:46 MSK; path=/; domain=.otus.ru;secure;; sameSite=None, _tt_enable_cookie=1; expires=С‡С‚, 07 РЅРѕСЏР±. 2024 01:19:48 MSK; path=/; domain=.otus.ru; sameSite=Lax, _ym_visorc=w; expires=СЃР±, 14 РѕРєС‚. 2023 01:49:49 MSK; path=/; domain=.otus.ru;secure;; sameSite=None, utm=utm_source%3Dtypein%26utm_medium%3Ddirect; expires=РІСЃ, 17 РЅРѕСЏР±. 2024 01:19:51 MSK; path=/; domain=.otus.ru; sameSite=Lax, _ym_uid=1697235587440315899; expires=РІСЃ, 13 РѕРєС‚. 2024 01:19:46 MSK; path=/; domain=.otus.ru;secure;; sameSite=None, _ym_isad=2; expires=СЃР±, 14 РѕРєС‚. 2023 09:19:47 MSK; path=/; domain=.otus.ru;secure;; sameSite=None, _ga=GA1.1.306137962.1697235587; expires=РІСЃ, 17 РЅРѕСЏР±. 2024 01:19:47 MSK; path=/; domain=.otus.ru; sameSite=Lax, _ga_N2GWLW9R5Z=GS1.1.1697235587.1.0.1697235587.60.0.0; expires=РІСЃ, 17 РЅРѕСЏР±. 2024 01:19:47 MSK; path=/; domain=.otus.ru; sameSite=Lax, auth_token=AZrLDkPt7NVEyc-ZFWi5eQ; expires=РІСЃ, 17 РЅРѕСЏР±. 2024 01:19:51 MSK; path=/; domain=.otus.ru; sameSite=Lax, _ttp=PC40S9neAy7hs6DFz-A-lGnORJh; expires=С‡С‚, 07 РЅРѕСЏР±. 2024 01:19:48 MSK; path=/; domain=.otus.ru; sameSite=Lax, advcake_session_id=99f73d86-07c7-d1c2-f8d8-b6169abeed5c; expires=РїРЅ, 13 РЅРѕСЏР±. 2023 01:19:48 MSK; path=/; domain=.otus.ru;secure;; sameSite=None]
2023-10-14 01:25:08,146 INFO i.g.b.w.WebDriverManager [Test worker] Using chromedriver 117.0.5938.149 (resolved driver for Chrome 117)
2023-10-14 01:25:08,184 INFO i.g.b.w.WebDriverManager [Test worker] Exporting webdriver.chrome.driver as C:\Users\andre\.cache\selenium\chromedriver\win64\117.0.5938.149\chromedriver.exe
2023-10-14 01:25:14,540 WARN o.a.n.h.WebSocketHandler [AsyncHttpClient-1-4] onError
java.net.SocketException: Connection reset
	at sun.nio.ch.SocketChannelImpl.throwConnectionReset(SocketChannelImpl.java:401) ~[?:?]
	at sun.nio.ch.SocketChannelImpl.read(SocketChannelImpl.java:434) ~[?:?]
	at io.netty.buffer.PooledByteBuf.setBytes(PooledByteBuf.java:254) ~[netty-buffer-4.1.96.Final.jar:4.1.96.Final]
	at io.netty.buffer.AbstractByteBuf.writeBytes(AbstractByteBuf.java:1132) ~[netty-buffer-4.1.96.Final.jar:4.1.96.Final]
	at io.netty.channel.socket.nio.NioSocketChannel.doReadBytes(NioSocketChannel.java:357) ~[netty-transport-4.1.96.Final.jar:4.1.96.Final]
	at io.netty.channel.nio.AbstractNioByteChannel$NioByteUnsafe.read(AbstractNioByteChannel.java:151) [netty-transport-4.1.96.Final.jar:4.1.96.Final]
	at io.netty.channel.nio.NioEventLoop.processSelectedKey(NioEventLoop.java:788) [netty-transport-4.1.96.Final.jar:4.1.96.Final]
	at io.netty.channel.nio.NioEventLoop.processSelectedKeysOptimized(NioEventLoop.java:724) [netty-transport-4.1.96.Final.jar:4.1.96.Final]
	at io.netty.channel.nio.NioEventLoop.processSelectedKeys(NioEventLoop.java:650) [netty-transport-4.1.96.Final.jar:4.1.96.Final]
	at io.netty.channel.nio.NioEventLoop.run(NioEventLoop.java:562) [netty-transport-4.1.96.Final.jar:4.1.96.Final]
	at io.netty.util.concurrent.SingleThreadEventExecutor$4.run(SingleThreadEventExecutor.java:997) [netty-common-4.1.96.Final.jar:4.1.96.Final]
	at io.netty.util.internal.ThreadExecutorMap$2.run(ThreadExecutorMap.java:74) [netty-common-4.1.96.Final.jar:4.1.96.Final]
	at io.netty.util.concurrent.FastThreadLocalRunnable.run(FastThreadLocalRunnable.java:30) [netty-common-4.1.96.Final.jar:4.1.96.Final]
	at java.lang.Thread.run(Thread.java:1589) [?:?]
2023-10-14 01:25:14,800 INFO i.g.b.w.WebDriverManager [Test worker] Using chromedriver 117.0.5938.149 (resolved driver for Chrome 117)
2023-10-14 01:25:14,814 INFO i.g.b.w.WebDriverManager [Test worker] Exporting webdriver.chrome.driver as C:\Users\andre\.cache\selenium\chromedriver\win64\117.0.5938.149\chromedriver.exe
2023-10-14 01:25:31,029 INFO i.g.b.w.WebDriverManager [Test worker] Using chromedriver 117.0.5938.149 (resolved driver for Chrome 117)
2023-10-14 01:25:31,077 INFO i.g.b.w.WebDriverManager [Test worker] Exporting webdriver.chrome.driver as C:\Users\andre\.cache\selenium\chromedriver\win64\117.0.5938.149\chromedriver.exe
2023-10-14 01:25:38,490 INFO r.o.MaximaizeBrowserTests [Test worker] COOKIES:[auth_token_expires=1791843937; expires=РІСЃ, 17 РЅРѕСЏР±. 2024 01:25:38 MSK; path=/; domain=.otus.ru; sameSite=Lax, advcake_track_id=4ca209f8-7920-d6c6-1e7c-9b87420442c0; expires=РїРЅ, 13 РЅРѕСЏР±. 2023 01:25:35 MSK; path=/; domain=.otus.ru;secure;; sameSite=None, oid=93900b4429dbfc5abf9b3744e6399d42; expires=РІСЃ, 17 РЅРѕСЏР±. 2024 01:25:38 MSK; path=/; domain=.otus.ru; sameSite=Lax, sessionid=9t6sy1an4kr1681trukbyqr5450euxyu; expires=РїС‚, 12 СЏРЅРІ. 2024 01:25:37 MSK; path=/; domain=otus.ru;secure;; sameSite=Lax, _ym_d=1697235934; expires=РІСЃ, 13 РѕРєС‚. 2024 01:25:34 MSK; path=/; domain=.otus.ru;secure;; sameSite=None, _tt_enable_cookie=1; expires=С‡С‚, 07 РЅРѕСЏР±. 2024 01:25:35 MSK; path=/; domain=.otus.ru; sameSite=Lax, _ym_visorc=w; expires=СЃР±, 14 РѕРєС‚. 2023 01:55:35 MSK; path=/; domain=.otus.ru;secure;; sameSite=None, utm=utm_source%3Dtypein%26utm_medium%3Ddirect; expires=РІСЃ, 17 РЅРѕСЏР±. 2024 01:25:38 MSK; path=/; domain=.otus.ru; sameSite=Lax, _ym_uid=1697235934922518631; expires=РІСЃ, 13 РѕРєС‚. 2024 01:25:34 MSK; path=/; domain=.otus.ru;secure;; sameSite=None, _ym_isad=2; expires=СЃР±, 14 РѕРєС‚. 2023 09:25:35 MSK; path=/; domain=.otus.ru;secure;; sameSite=None, _ga=GA1.1.106949851.1697235935; expires=РІСЃ, 17 РЅРѕСЏР±. 2024 01:25:34 MSK; path=/; domain=.otus.ru; sameSite=Lax, _ga_N2GWLW9R5Z=GS1.1.1697235934.1.0.1697235934.60.0.0; expires=РІСЃ, 17 РЅРѕСЏР±. 2024 01:25:34 MSK; path=/; domain=.otus.ru; sameSite=Lax, auth_token=vwXCOgG6BNmAtQJI6JCfbg; expires=РІСЃ, 17 РЅРѕСЏР±. 2024 01:25:38 MSK; path=/; domain=.otus.ru; sameSite=Lax, _ttp=MildB8H3I7oQFo4hxA8IhPNB4jK; expires=С‡С‚, 07 РЅРѕСЏР±. 2024 01:25:35 MSK; path=/; domain=.otus.ru; sameSite=Lax, advcake_session_id=41a5511c-8f61-8b6a-11db-6fee534c0ed4; expires=РїРЅ, 13 РЅРѕСЏР±. 2023 01:25:35 MSK; path=/; domain=.otus.ru;secure;; sameSite=None]
